  0.1_main.cpp
C:\Users\njohn\Desktop\Playground_OpenGL\projects\2_Lighting\6_MultipleLights\shader.h(51,41): warning C4101: 'e': unreferenced local variable
C:\Users\njohn\Desktop\Playground_OpenGL\projects\2_Lighting\6_MultipleLights\0.1_main.cpp(169,28): warning C4244: 'initializing': conversion from 'double' to 'float', possible loss of data
C:\Users\njohn\Desktop\Playground_OpenGL\projects\2_Lighting\6_MultipleLights\0.1_main.cpp(194,62): warning C4305: 'argument': truncation from 'double' to 'float'
C:\Users\njohn\Desktop\Playground_OpenGL\projects\2_Lighting\6_MultipleLights\0.1_main.cpp(195,66): warning C4305: 'argument': truncation from 'double' to 'float'
C:\Users\njohn\Desktop\Playground_OpenGL\projects\2_Lighting\6_MultipleLights\0.1_main.cpp(202,62): warning C4305: 'argument': truncation from 'double' to 'float'
C:\Users\njohn\Desktop\Playground_OpenGL\projects\2_Lighting\6_MultipleLights\0.1_main.cpp(203,66): warning C4305: 'argument': truncation from 'double' to 'float'
C:\Users\njohn\Desktop\Playground_OpenGL\projects\2_Lighting\6_MultipleLights\0.1_main.cpp(210,62): warning C4305: 'argument': truncation from 'double' to 'float'
C:\Users\njohn\Desktop\Playground_OpenGL\projects\2_Lighting\6_MultipleLights\0.1_main.cpp(211,66): warning C4305: 'argument': truncation from 'double' to 'float'
C:\Users\njohn\Desktop\Playground_OpenGL\projects\2_Lighting\6_MultipleLights\0.1_main.cpp(218,62): warning C4305: 'argument': truncation from 'double' to 'float'
C:\Users\njohn\Desktop\Playground_OpenGL\projects\2_Lighting\6_MultipleLights\0.1_main.cpp(219,66): warning C4305: 'argument': truncation from 'double' to 'float'
C:\Users\njohn\Desktop\Playground_OpenGL\projects\2_Lighting\6_MultipleLights\0.1_main.cpp(227,57): warning C4305: 'argument': truncation from 'double' to 'float'
C:\Users\njohn\Desktop\Playground_OpenGL\projects\2_Lighting\6_MultipleLights\0.1_main.cpp(228,61): warning C4305: 'argument': truncation from 'double' to 'float'
C:\Users\njohn\Desktop\Playground_OpenGL\projects\2_Lighting\6_MultipleLights\0.1_main.cpp(306,17): warning C4244: '=': conversion from 'double' to 'float', possible loss of data
C:\Users\njohn\Desktop\Playground_OpenGL\projects\2_Lighting\6_MultipleLights\0.1_main.cpp(307,17): warning C4244: '=': conversion from 'double' to 'float', possible loss of data
C:\Users\njohn\Desktop\Playground_OpenGL\projects\2_Lighting\6_MultipleLights\0.1_main.cpp(311,19): warning C4244: 'initializing': conversion from 'double' to 'float', possible loss of data
C:\Users\njohn\Desktop\Playground_OpenGL\projects\2_Lighting\6_MultipleLights\0.1_main.cpp(312,19): warning C4244: 'initializing': conversion from 'double' to 'float', possible loss of data
C:\Users\njohn\Desktop\Playground_OpenGL\projects\2_Lighting\6_MultipleLights\0.1_main.cpp(314,13): warning C4244: '=': conversion from 'double' to 'float', possible loss of data
C:\Users\njohn\Desktop\Playground_OpenGL\projects\2_Lighting\6_MultipleLights\0.1_main.cpp(315,13): warning C4244: '=': conversion from 'double' to 'float', possible loss of data
C:\Users\njohn\Desktop\Playground_OpenGL\projects\2_Lighting\6_MultipleLights\0.1_main.cpp(321,31): warning C4244: 'argument': conversion from 'double' to 'float', possible loss of data
  glad.c
LINK : warning LNK4098: defaultlib 'MSVCRT' conflicts with use of other libs; use /NODEFAULTLIB:library
  MultipleLights.vcxproj -> C:\Users\njohn\Desktop\Playground_OpenGL\projects\2_Lighting\6_MultipleLights\x64\Debug\MultipleLights.exe
